<?xml version="1.0" encoding="UTF-8"?>
<!-- Generated by org.testng.reporters.JUnitXMLReporter -->
<testsuite ignored="0" hostname="DESKTOP-OG4D1Q1" failures="0" tests="2" name="SubmitOrder" time="7.865" errors="0" timestamp="2022-12-23T13:23:33 IST">
  <testcase classname="Home.PracticeProject.tests.Testclass" name="submitOrder" time="0.0">
    <skipped/>
  </testcase> <!-- submitOrder -->
  <testcase classname="Home.PracticeProject.tests.Testclass" name="submitOrder" time="0.0">
    <skipped/>
  </testcase> <!-- submitOrder -->
</testsuite> <!-- SubmitOrder -->
